Traceback (most recent call last):
  File "/home/codespace/.local/lib/python3.12/site-packages/jupyter_core/utils/__init__.py", line 154, in wrapped
    asyncio.get_running_loop()
RuntimeError: no running event loop

During handling of the above exception, another exception occurred:

Traceback (most recent call last):
  File "/home/codespace/.local/lib/python3.12/site-packages/jupyter_cache/executors/utils.py", line 58, in single_nb_execution
    executenb(
  File "/home/codespace/.local/lib/python3.12/site-packages/nbclient/client.py", line 1319, in execute
    return NotebookClient(nb=nb, resources=resources, km=km, **kwargs).execute()
           ^^^^^^^^^^^^^^^^^^^^^^^^^^^^^^^^^^^^^^^^^^^^^^^^^^^^^^^^^^^^^^^^^^^^^
  File "/home/codespace/.local/lib/python3.12/site-packages/jupyter_core/utils/__init__.py", line 158, in wrapped
    return loop.run_until_complete(inner)
           ^^^^^^^^^^^^^^^^^^^^^^^^^^^^^^
  File "/usr/local/python/3.12.1/lib/python3.12/asyncio/base_events.py", line 684, in run_until_complete
    return future.result()
           ^^^^^^^^^^^^^^^
  File "/home/codespace/.local/lib/python3.12/site-packages/nbclient/client.py", line 709, in async_execute
    await self.async_execute_cell(
  File "/home/codespace/.local/lib/python3.12/site-packages/nbclient/client.py", line 1062, in async_execute_cell
    await self._check_raise_for_error(cell, cell_index, exec_reply)
  File "/home/codespace/.local/lib/python3.12/site-packages/nbclient/client.py", line 918, in _check_raise_for_error
    raise CellExecutionError.from_cell_and_msg(cell, exec_reply_content)
nbclient.exceptions.CellExecutionError: An error occurred while executing the following cell:
------------------
# Symmetric example: prefer eigh
A = np.array([[4., 1., 0.],
              [1., 3., 1.],
              [0., 1., 2.]], dtype=float)

w, V = np.linalg.eigh(A)     # sorted ascending
trA = np.trace(A)
detA = np.linalg.det(A)

trace_vs_sum = trA, np.sum(w)
det_vs_prod   = detA, np.prod(w)

# Check orthonormality and reconstruction A ≈ V diag(w) V^T
Icheck = V.T @ V
Arec = V @ np.diag(w) @ V.T
np.allclose(Icheck, np.eye(3)), np.allclose(Arec, A), trace_vs_sum, det_vs_prod

------------------


[31m---------------------------------------------------------------------------[39m
[31mNameError[39m                                 Traceback (most recent call last)
[36mCell[39m[36m [39m[32mIn[3][39m[32m, line 2[39m
[32m      1[39m [38;5;66;03m# Symmetric example: prefer eigh[39;00m
[32m----> [39m[32m2[39m A = [43mnp[49m.array([[[32m4.[39m, [32m1.[39m, [32m0.[39m],
[32m      3[39m               [[32m1.[39m, [32m3.[39m, [32m1.[39m],
[32m      4[39m               [[32m0.[39m, [32m1.[39m, [32m2.[39m]], dtype=[38;5;28mfloat[39m)
[32m      6[39m w, V = np.linalg.eigh(A)     [38;5;66;03m# sorted ascending[39;00m
[32m      7[39m trA = np.trace(A)

[31mNameError[39m: name 'np' is not defined

